<?xml version="1.0" encoding="UTF-8" ?>
<testsuite errors="0" failures="0" hostname="ine" name="modelo.TesteProduto" skipped="0" tests="5" time="0.052" timestamp="2018-04-19T13:38:38">
  <properties>
[...]
</properties>
  <testcase classname="modelo.TesteProduto" name="TesteMercadoComUmProdutoDoJoao" time="0.01" />
  <testcase classname="modelo.TesteProduto" name="testeLancesdoUsuario" time="0.002" />
  <testcase classname="modelo.TesteProduto" name="testeSemLances" time="0.001" />
  <testcase classname="modelo.TesteProduto" name="testeLanceUsuarioErrado" time="0.001" />
  <testcase classname="modelo.TesteProduto" name="testeDoisLances" time="0.002" />
  <system-out><![CDATA[--------------------------------------
Begin test capture for : modelo/TesteProduto.TesteMercadoComUmProdutoDoJoao()V
State Coverage Report for modelo/TesteProduto.TesteMercadoComUmProdutoDoJoao()V
Modified states: 21 [ "modelo/Produto.lanceMinimo", "modelo/TesteProduto.descricaoProduto", "modelo/TesteProduto.valorMinimoProduto", "modelo/Produto.dataLimite", "modelo/Usuario.bensOfertados", "modelo/Produto.descricao", "modelo/Usuario.cpf", "modelo/Usuario.nome", "modelo/Produto.leiloador", "modelo/TesteProduto.enderecoUsuario", "modelo/Usuario.endereco", "modelo/TesteProduto.emailUsuario", "modelo/Produto.lancesEfetuados", "modelo/Usuario.email", "modelo/TesteProduto.nomeUsuario", "modelo/Usuario.bensComprados", "modelo/TesteProduto.dataLimiteProduto", "modelo/TesteProduto.cpfLeiloadorProduto", "modelo/Produto.nome", "modelo/TesteProduto.nomeProduto", "modelo/MercadoLeilao.produtosEmLeilao" ]
Covered states: 2 [ "modelo/TesteProduto.mercado", "modelo/TesteProduto.cpfLeiloadorProduto" ]
State Coverage: 0.047619047619047616
End test capture for : modelo/TesteProduto.TesteMercadoComUmProdutoDoJoao()V
--------------------------------------
--------------------------------------
Begin test capture for : modelo/TesteProduto.testeLancesdoUsuario()V
State Coverage Report for modelo/TesteProduto.testeLancesdoUsuario()V
Modified states: 24 [ "modelo/Produto.lanceMinimo", "modelo/TesteProduto.descricaoProduto", "modelo/TesteProduto.valorMinimoProduto", "modelo/Produto.dataLimite", "modelo/Usuario.bensOfertados", "modelo/Produto.descricao", "modelo/Lance.valorDoLance", "modelo/Lance.produtoQueRecebeuOLance", "modelo/Usuario.cpf", "modelo/Usuario.nome", "modelo/Produto.leiloador", "modelo/TesteProduto.enderecoUsuario", "modelo/Usuario.endereco", "modelo/TesteProduto.emailUsuario", "modelo/Produto.lancesEfetuados", "modelo/Usuario.email", "modelo/TesteProduto.nomeUsuario", "modelo/Usuario.bensComprados", "modelo/TesteProduto.dataLimiteProduto", "modelo/TesteProduto.cpfLeiloadorProduto", "modelo/Produto.nome", "modelo/TesteProduto.nomeProduto", "modelo/Lance.donoDoLance", "modelo/MercadoLeilao.produtosEmLeilao" ]
Covered states: 4 [ "modelo/Produto.lancesEfetuados", "modelo/TesteProduto.mercado", "modelo/Usuario.cpf", "modelo/Lance.donoDoLance" ]
State Coverage: 0.125
End test capture for : modelo/TesteProduto.testeLancesdoUsuario()V
--------------------------------------
--------------------------------------
Begin test capture for : modelo/TesteProduto.testeSemLances()V
State Coverage Report for modelo/TesteProduto.testeSemLances()V
Modified states: 17 [ "modelo/Produto.lanceMinimo", "modelo/Produto.dataLimite", "modelo/Usuario.bensOfertados", "modelo/Produto.descricao", "modelo/Usuario.cpf", "modelo/Usuario.nome", "modelo/Produto.leiloador", "modelo/TesteProduto.enderecoUsuario", "modelo/Usuario.endereco", "modelo/TesteProduto.emailUsuario", "modelo/Produto.lancesEfetuados", "modelo/Usuario.email", "modelo/TesteProduto.nomeUsuario", "modelo/Usuario.bensComprados", "modelo/TesteProduto.cpfLeiloadorProduto", "modelo/Produto.nome", "modelo/MercadoLeilao.produtosEmLeilao" ]
Covered states: 2 [ "modelo/Produto.lancesEfetuados", "modelo/TesteProduto.mercado" ]
State Coverage: 0.058823529411764705
End test capture for : modelo/TesteProduto.testeSemLances()V
--------------------------------------
--------------------------------------
Begin test capture for : modelo/TesteProduto.testeLanceUsuarioErrado()V
State Coverage Report for modelo/TesteProduto.testeLanceUsuarioErrado()V
Modified states: 16 [ "modelo/Produto.lanceMinimo", "modelo/Produto.dataLimite", "modelo/Usuario.bensOfertados", "modelo/Produto.descricao", "modelo/Lance.valorDoLance", "modelo/Lance.produtoQueRecebeuOLance", "modelo/Usuario.cpf", "modelo/Usuario.nome", "modelo/Produto.leiloador", "modelo/Usuario.endereco", "modelo/Produto.lancesEfetuados", "modelo/Usuario.email", "modelo/Usuario.bensComprados", "modelo/Produto.nome", "modelo/Lance.donoDoLance", "modelo/MercadoLeilao.produtosEmLeilao" ]
Covered states: 4 [ "modelo/Produto.lancesEfetuados", "modelo/TesteProduto.mercado", "modelo/Usuario.cpf", "modelo/Lance.donoDoLance" ]
State Coverage: 0.1875
End test capture for : modelo/TesteProduto.testeLanceUsuarioErrado()V
--------------------------------------
--------------------------------------
Begin test capture for : modelo/TesteProduto.testeDoisLances()V
State Coverage Report for modelo/TesteProduto.testeDoisLances()V
Modified states: 16 [ "modelo/Produto.lanceMinimo", "modelo/Produto.dataLimite", "modelo/Usuario.bensOfertados", "modelo/Produto.descricao", "modelo/Lance.valorDoLance", "modelo/Lance.produtoQueRecebeuOLance", "modelo/Usuario.cpf", "modelo/Usuario.nome", "modelo/Produto.leiloador", "modelo/Usuario.endereco", "modelo/Produto.lancesEfetuados", "modelo/Usuario.email", "modelo/Usuario.bensComprados", "modelo/Produto.nome", "modelo/Lance.donoDoLance", "modelo/MercadoLeilao.produtosEmLeilao" ]
Covered states: 4 [ "modelo/Produto.lancesEfetuados", "modelo/TesteProduto.mercado", "modelo/Usuario.cpf", "modelo/Lance.donoDoLance" ]
State Coverage: 0.1875
End test capture for : modelo/TesteProduto.testeDoisLances()V
--------------------------------------
]]></system-out>
  <system-err><![CDATA[]]></system-err>
</testsuite>
