<?xml version="1.0" encoding="UTF-8" ?>
<testsuite errors="0" failures="0" hostname="ine" name="modelo.TesteMercado" skipped="0" tests="2" time="0.047" timestamp="2018-04-19T13:38:38">
  <properties>
[...]
</properties>
  <testcase classname="modelo.TesteMercado" name="testeCadastrarUsuario" time="0.007" />
  <testcase classname="modelo.TesteMercado" name="testeDaLance" time="0.003" />
  <system-out><![CDATA[--------------------------------------
Begin test capture for : modelo/TesteMercado.testeCadastrarUsuario()V
State Coverage Report for modelo/TesteMercado.testeCadastrarUsuario()V
Modified states: 6 [ "modelo/Usuario.endereco", "modelo/Usuario.email", "modelo/Usuario.bensComprados", "modelo/Usuario.bensOfertados", "modelo/Usuario.cpf", "modelo/Usuario.nome" ]
Covered states: 4 [ "modelo/Usuario.email", "modelo/Usuario.cpf", "modelo/Usuario.nome", "modelo/TesteMercado.mercado" ]
State Coverage: 0.5
End test capture for : modelo/TesteMercado.testeCadastrarUsuario()V
--------------------------------------
--------------------------------------
Begin test capture for : modelo/TesteMercado.testeDaLance()V
State Coverage Report for modelo/TesteMercado.testeDaLance()V
Modified states: 16 [ "modelo/Produto.lanceMinimo", "modelo/Produto.dataLimite", "modelo/Usuario.bensOfertados", "modelo/Produto.descricao", "modelo/Lance.valorDoLance", "modelo/Lance.produtoQueRecebeuOLance", "modelo/Usuario.cpf", "modelo/Usuario.nome", "modelo/Produto.leiloador", "modelo/Usuario.endereco", "modelo/Produto.lancesEfetuados", "modelo/Usuario.email", "modelo/Usuario.bensComprados", "modelo/Produto.nome", "modelo/Lance.donoDoLance", "modelo/MercadoLeilao.produtosEmLeilao" ]
Covered states: 7 [ "modelo/MercadoLeilao.usuarios", "modelo/Lance.valorDoLance", "modelo/Produto.nome", "modelo/Lance.produtoQueRecebeuOLance", "modelo/Usuario.cpf", "modelo/Lance.donoDoLance", "modelo/TesteMercado.mercado" ]
State Coverage: 0.3125
End test capture for : modelo/TesteMercado.testeDaLance()V
--------------------------------------
]]></system-out>
  <system-err><![CDATA[]]></system-err>
</testsuite>
