<?xml version="1.0" encoding="UTF-8" ?>
<testsuite errors="0" failures="0" hostname="cesar-Lenovo-IdeaPad-S400" name="domain.TestPuzzleGame" skipped="0" tests="12" time="0.27" timestamp="2017-05-21T22:46:32">
  <properties>
[...]
</properties>
  <testcase classname="domain.TestPuzzleGame" name="testMoveEmptyCellUpFalse" time="0.061" />
  <testcase classname="domain.TestPuzzleGame" name="testMoveEmptyCellLeftTrue" time="0.004" />
  <testcase classname="domain.TestPuzzleGame" name="testMoveEmptyCellLeftFalse" time="0.007" />
  <testcase classname="domain.TestPuzzleGame" name="testMoveEmptyCellBottomFalse" time="0.003" />
  <testcase classname="domain.TestPuzzleGame" name="testMoveEmptyCellBottomTrue" time="0.004" />
  <testcase classname="domain.TestPuzzleGame" name="testMoveEmptyCellRightFalse" time="0.001" />
  <testcase classname="domain.TestPuzzleGame" name="testMoveEmptyCellRightTrue" time="0.006" />
  <testcase classname="domain.TestPuzzleGame" name="testPutTilesInTheBoard" time="0.003" />
  <testcase classname="domain.TestPuzzleGame" name="testMoveEmptyCellNullDirection" time="0.002" />
  <testcase classname="domain.TestPuzzleGame" name="testMoveEmptyCellUpTrue" time="0.003" />
  <testcase classname="domain.TestPuzzleGame" name="testPutTilesInTheBoardErrorLastLine" time="0.002" />
  <testcase classname="domain.TestPuzzleGame" name="testPutTilesInTheBoardErrorBeforeLine" time="0.005" />
  <system-out><![CDATA[--------------------------------------
Begin test capture for : domain/TestPuzzleGame.testMoveEmptyCellUpFalse()V
State Coverage Report for domain/TestPuzzleGame.testMoveEmptyCellUpFalse()V
Modified states: 4 [ "domain/Position.column", "domain/Position.line", "domain/Cell.tile", "domain/PuzzleGame.emptyCell" ]
Covered states: 5 [ "LEFT", "domain/PuzzleGame.board", "domain/PuzzleGame.emptyCell", "domain/TestPuzzleGame.puzzle", "UP" ]
State Coverage: 0.25
End test capture for : domain/TestPuzzleGame.testMoveEmptyCellUpFalse()V
--------------------------------------
--------------------------------------
Begin test capture for : domain/TestPuzzleGame.testMoveEmptyCellLeftTrue()V
State Coverage Report for domain/TestPuzzleGame.testMoveEmptyCellLeftTrue()V
Modified states: 4 [ "domain/Position.column", "domain/Position.line", "domain/Cell.tile", "domain/PuzzleGame.emptyCell" ]
Covered states: 4 [ "LEFT", "domain/PuzzleGame.board", "domain/PuzzleGame.emptyCell", "domain/TestPuzzleGame.puzzle" ]
State Coverage: 0.25
End test capture for : domain/TestPuzzleGame.testMoveEmptyCellLeftTrue()V
--------------------------------------
--------------------------------------
Begin test capture for : domain/TestPuzzleGame.testMoveEmptyCellLeftFalse()V
State Coverage Report for domain/TestPuzzleGame.testMoveEmptyCellLeftFalse()V
Modified states: 4 [ "domain/Position.column", "domain/Position.line", "domain/Cell.tile", "domain/PuzzleGame.emptyCell" ]
Covered states: 4 [ "LEFT", "domain/PuzzleGame.board", "domain/PuzzleGame.emptyCell", "domain/TestPuzzleGame.puzzle" ]
State Coverage: 0.25
End test capture for : domain/TestPuzzleGame.testMoveEmptyCellLeftFalse()V
--------------------------------------
--------------------------------------
Begin test capture for : domain/TestPuzzleGame.testMoveEmptyCellBottomFalse()V
State Coverage Report for domain/TestPuzzleGame.testMoveEmptyCellBottomFalse()V
Modified states: 0 [  ]
Covered states: 3 [ "DOWN", "LEFT", "domain/TestPuzzleGame.puzzle" ]
State Coverage: 0.0
End test capture for : domain/TestPuzzleGame.testMoveEmptyCellBottomFalse()V
--------------------------------------
--------------------------------------
Begin test capture for : domain/TestPuzzleGame.testMoveEmptyCellBottomTrue()V
State Coverage Report for domain/TestPuzzleGame.testMoveEmptyCellBottomTrue()V
Modified states: 4 [ "domain/Position.column", "domain/Position.line", "domain/Cell.tile", "domain/PuzzleGame.emptyCell" ]
Covered states: 5 [ "DOWN", "LEFT", "domain/PuzzleGame.board", "domain/PuzzleGame.emptyCell", "domain/TestPuzzleGame.puzzle" ]
State Coverage: 0.25
End test capture for : domain/TestPuzzleGame.testMoveEmptyCellBottomTrue()V
--------------------------------------
--------------------------------------
Begin test capture for : domain/TestPuzzleGame.testMoveEmptyCellRightFalse()V
State Coverage Report for domain/TestPuzzleGame.testMoveEmptyCellRightFalse()V
Modified states: 0 [  ]
Covered states: 3 [ "LEFT", "RIGHT", "domain/TestPuzzleGame.puzzle" ]
State Coverage: 0.0
End test capture for : domain/TestPuzzleGame.testMoveEmptyCellRightFalse()V
--------------------------------------
--------------------------------------
Begin test capture for : domain/TestPuzzleGame.testMoveEmptyCellRightTrue()V
State Coverage Report for domain/TestPuzzleGame.testMoveEmptyCellRightTrue()V
Modified states: 4 [ "domain/Position.column", "domain/Position.line", "domain/Cell.tile", "domain/PuzzleGame.emptyCell" ]
Covered states: 5 [ "LEFT", "domain/PuzzleGame.board", "domain/PuzzleGame.emptyCell", "RIGHT", "domain/TestPuzzleGame.puzzle" ]
State Coverage: 0.25
End test capture for : domain/TestPuzzleGame.testMoveEmptyCellRightTrue()V
--------------------------------------
--------------------------------------
Begin test capture for : domain/TestPuzzleGame.testPutTilesInTheBoard()V
State Coverage Report for domain/TestPuzzleGame.testPutTilesInTheBoard()V
Modified states: 5 [ "domain/Tile.hash", "domain/Position.column", "domain/Position.line", "domain/Tile.number", "domain/Cell.tile" ]
Covered states: 0 [  ]
State Coverage: 0.0
End test capture for : domain/TestPuzzleGame.testPutTilesInTheBoard()V
--------------------------------------
--------------------------------------
Begin test capture for : domain/TestPuzzleGame.testMoveEmptyCellNullDirection()V
State Coverage Report for domain/TestPuzzleGame.testMoveEmptyCellNullDirection()V
Modified states: 0 [  ]
Covered states: 2 [ "LEFT", "domain/TestPuzzleGame.puzzle" ]
State Coverage: 0.0
End test capture for : domain/TestPuzzleGame.testMoveEmptyCellNullDirection()V
--------------------------------------
--------------------------------------
Begin test capture for : domain/TestPuzzleGame.testMoveEmptyCellUpTrue()V
State Coverage Report for domain/TestPuzzleGame.testMoveEmptyCellUpTrue()V
Modified states: 4 [ "domain/Position.column", "domain/Position.line", "domain/Cell.tile", "domain/PuzzleGame.emptyCell" ]
Covered states: 5 [ "LEFT", "domain/PuzzleGame.board", "domain/PuzzleGame.emptyCell", "domain/TestPuzzleGame.puzzle", "UP" ]
State Coverage: 0.25
End test capture for : domain/TestPuzzleGame.testMoveEmptyCellUpTrue()V
--------------------------------------
--------------------------------------
Begin test capture for : domain/TestPuzzleGame.testPutTilesInTheBoardErrorLastLine()V
--------------------------------------
Begin test capture for : domain/TestPuzzleGame.testPutTilesInTheBoardErrorBeforeLine()V
]]></system-out>
  <system-err><![CDATA[]]></system-err>
</testsuite>
